<?xml version="1.0" encoding="UTF-8"?>
<!-- Generated by org.testng.reporters.JUnitXMLReporter -->
<testsuite hostname="Natarajan" name="Test" tests="2" failures="2" timestamp="18 Jul 2016 14:02:49 GMT" time="110.105" errors="0">
  <testcase name="Register_New_User_Account" time="87.271" classname="pkge1.Driver">
    <failure type="java.lang.AssertionError" message="null">
      <![CDATA[java.lang.AssertionError: null
	at pkge1.Driver.DriveExcel(Driver.java:158)
	at pkge1.Driver.Register_New_User_Account(Driver.java:79)
... Removed 26 stack frames]]>
    </failure>
  </testcase> <!-- Register_New_User_Account -->
  <testcase name="Confirm_Interactive_Progress_Map_Display_for_New_User" time="1.114" classname="pkge1.Driver">
    <failure type="java.lang.AssertionError" message="null">
      <![CDATA[java.lang.AssertionError: null
	at pkge1.Driver.DriveExcel(Driver.java:158)
	at pkge1.Driver.Confirm_Interactive_Progress_Map_Display_for_New_User(Driver.java:84)
... Removed 26 stack frames]]>
    </failure>
  </testcase> <!-- Confirm_Interactive_Progress_Map_Display_for_New_User -->
</testsuite> <!-- Test -->
